Log file open, 07/20/17 09:55:15
LogInit:Display: Running engine for game: KidSlinger
LogPlatformFile: Not using cached read wrapper
LogInit:Display: RandInit(1641568733) SRandInit(1641568733).
LogTaskGraph: Started task graph with 5 named threads and 8 total threads with 1 sets of task threads.
LogStats: Stats thread started at 0.066994
LogInit: Using libcurl 7.47.1
LogInit:  - built for x86_64-pc-win32
LogInit:  - supports SSL with OpenSSL/1.0.2g
LogInit:  - supports HTTP deflate (compression) using libz 1.2.8
LogInit:  - other features:
LogInit:      CURL_VERSION_SSL
LogInit:      CURL_VERSION_LIBZ
LogInit:      CURL_VERSION_IPV6
LogInit:      CURL_VERSION_ASYNCHDNS
LogInit:      CURL_VERSION_LARGEFILE
LogInit:      CURL_VERSION_IDN
LogInit:  CurlRequestOptions (configurable via config and command line):
LogInit:  - bVerifyPeer = false  - Libcurl will NOT verify peer certificate
LogInit:  - bUseHttpProxy = false  - Libcurl will NOT use HTTP proxy
LogInit:  - bDontReuseConnections = false  - Libcurl will reuse connections
LogInit:  - CertBundlePath = nullptr  - Libcurl will use whatever was configured at build time.
LogInit: Build: ++UE4+Release-4.15-CL-3348071
LogInit: Engine Version: 4.15.1-3348071+++UE4+Release-4.15
LogInit: Compatible Engine Version: 4.15.0-3299760+++UE4+Release-4.15
LogInit: Net CL: 3299760
LogDevObjectVersion: Number of dev versions registered: 14
LogDevObjectVersion:   Dev-Blueprints (B0D832E4-1F89-4F0D-ACCF-7EB736FD4AA2): 8
LogDevObjectVersion:   Dev-Build (E1C64328-A22C-4D53-A36C-8E866417BD8C): 0
LogDevObjectVersion:   Dev-Core (375EC13C-06E4-48FB-B500-84F0262A717E): 2
LogDevObjectVersion:   Dev-Editor (E4B068ED-F494-42E9-A231-DA0B2E46BB41): 14
LogDevObjectVersion:   Dev-Framework (CFFC743F-43B0-4480-9391-14DF171D2073): 22
LogDevObjectVersion:   Dev-Mobile (B02B49B5-BB20-44E9-A304-32B752E40360): 0
LogDevObjectVersion:   Dev-Networking (A4E4105C-59A1-49B5-A7C5-40C4547EDFEE): 0
LogDevObjectVersion:   Dev-Online (39C831C9-5AE6-47DC-9A44-9C173E1C8E7C): 0
LogDevObjectVersion:   Dev-Physics (78F01B33-EBEA-4F98-B9B4-84EACCB95AA2): 0
LogDevObjectVersion:   Dev-Platform (6631380F-2D4D-43E0-8009-CF276956A95A): 0
LogDevObjectVersion:   Dev-Rendering (12F88B9F-8875-4AFC-A67C-D90C383ABD29): 12
LogDevObjectVersion:   Dev-Sequencer (7B5AE74C-D270-4C10-A958-57980B212A5A): 3
LogDevObjectVersion:   Dev-VR (D7296918-1DD6-4BDD-9DE2-64A83CC13884): 0
LogDevObjectVersion:   Dev-LoadTimes (C2A15278-BFE7-4AFE-6C17-90FF531DF755): 1
LogInit: Compiled (64-bit): Mar 15 2017 16:52:47
LogInit: Compiled with Visual C++: 19.00.23026.00
LogInit: Build Configuration: Development
LogInit: Branch Name: ++UE4+Release-4.15
LogInit: Command line: 
LogInit: Base directory: C:/Program Files/Epic Games/UE_4.15/Engine/Binaries/Win64/
LogInit: Installed Engine Build: 1
LogInit: Presizing for max 8388607 objects, including 0 objects not considered by GC, pre-allocating 0 bytes for permanent pool.
LogInit: Object subsystem initialized
[2017.07.19-23.55.16:973][  0]LogInit: Selected Device Profile: [Windows]
[2017.07.19-23.55.16:973][  0]LogInit: Applying CVar settings loaded from the selected device profile: [Windows]
[2017.07.19-23.55.16:981][  0]LogInit: Computer: 22MTN-B7C658
[2017.07.19-23.55.16:981][  0]LogInit: User: s171610
[2017.07.19-23.55.16:981][  0]LogInit: CPU Page size=65536, Cores=4
[2017.07.19-23.55.16:981][  0]LogInit: High frequency timer resolution =3.515654 MHz
[2017.07.19-23.55.16:981][  0]LogMemory: Memory total: Physical=15.8GB (16GB approx)
[2017.07.19-23.55.16:981][  0]LogMemory: Platform Memory Stats for Windows
[2017.07.19-23.55.16:981][  0]LogMemory: Process Physical Memory: 266.13 MB used, 266.13 MB peak
[2017.07.19-23.55.16:981][  0]LogMemory: Process Virtual Memory: 266.26 MB used, 266.26 MB peak
[2017.07.19-23.55.16:981][  0]LogMemory: Physical Memory: 4545.32 MB used,  11675.69 MB free, 16221.01 MB total
[2017.07.19-23.55.16:981][  0]LogMemory: Virtual Memory: 633.80 MB used,  11675.69 MB free, 8388608.00 MB total
[2017.07.19-23.55.17:053][  0]LogTextLocalizationManager: No specific translations for ('en-US') exist, so ('en') translations will be used.
[2017.07.19-23.55.17:631][  0]LogD3D11RHI: D3D11 adapters:
[2017.07.19-23.55.17:644][  0]LogD3D11RHI:    0. 'NVIDIA GeForce GTX 770' (Feature Level 11_0)
[2017.07.19-23.55.17:644][  0]LogD3D11RHI:       1989/0/7854 MB DedicatedVideo/DedicatedSystem/SharedSystem, Outputs:2, VendorId:0x10de
[2017.07.19-23.55.17:644][  0]LogD3D11RHI: Chosen D3D11 Adapter: 0
[2017.07.19-23.55.17:648][  0]LogD3D11RHI: Creating new Direct3DDevice
[2017.07.19-23.55.17:648][  0]LogD3D11RHI:     GPU DeviceId: 0x1184 (for the marketing name, search the web for "GPU Device Id")
[2017.07.19-23.55.17:648][  0]LogWindows: EnumDisplayDevices:
[2017.07.19-23.55.17:648][  0]LogWindows:    0. 'NVIDIA GeForce GTX 770' (P:1 D:1)
[2017.07.19-23.55.17:648][  0]LogWindows:    1. 'NVIDIA GeForce GTX 770' (P:0 D:1)
[2017.07.19-23.55.17:648][  0]LogWindows:    2. 'NVIDIA GeForce GTX 770' (P:0 D:0)
[2017.07.19-23.55.17:648][  0]LogWindows:    3. 'NVIDIA GeForce GTX 770' (P:0 D:0)
[2017.07.19-23.55.17:648][  0]LogWindows:    4. 'RDPDD Chained DD' (P:0 D:0)
[2017.07.19-23.55.17:648][  0]LogWindows:    5. 'RDP Encoder Mirror Driver' (P:0 D:0)
[2017.07.19-23.55.17:649][  0]LogWindows:    6. 'RDP Reflector Display Driver' (P:0 D:0)
[2017.07.19-23.55.17:649][  0]LogWindows: DebugString: GetVideoDriverDetailsInvalid PrimaryIsNotTheChoosenAdapter GetVideoDriverDetailsInvalid PrimaryIsNotTheChoosenAdapter GetVideoDriverDetailsInvalid PrimaryIsNotTheChoosenAdapter FoundDriverCount:4 
[2017.07.19-23.55.17:649][  0]LogD3D11RHI:     Adapter Name: NVIDIA GeForce GTX 770
[2017.07.19-23.55.17:649][  0]LogD3D11RHI:   Driver Version: 376.33 (internal:21.21.13.7633, unified:376.33)
[2017.07.19-23.55.17:649][  0]LogD3D11RHI:      Driver Date: 12-11-2016
[2017.07.19-23.55.17:649][  0]LogRHI: Texture pool is 1361 MB (70% of 1945 MB)
[2017.07.19-23.55.17:656][  0]LogD3D11RHI:Warning: Timestamp queries are currently disabled on this hardware due to instability. Realtime GPU stats will not be available. You can override this behaviour by setting r.NVIDIATimestampWorkaround to 0
[2017.07.19-23.55.17:656][  0]LogD3D11RHI: Async texture creation enabled
[2017.07.19-23.55.17:670][  0]LogD3D11RHI: GPU Timing Frequency: 1000.000000 (Debug: 2 2)
[2017.07.19-23.55.17:762][  0]LogShaderCompilers: Guid format shader working directory is -7 characters bigger than the processId version (../../../../../../Users/s171610/Desktop/KidSlinger 4.15/Intermediate/Shaders/WorkingDirectory/6532/).
[2017.07.19-23.55.17:762][  0]LogShaderCompilers: Cleaned the shader compiler working directory 'C:/Users/s171610/AppData/Local/Temp/UnrealShaderWorkingDir/3765F4D64E7C658349FFF298E0B61073/'.
[2017.07.19-23.55.17:762][  0]LogShaderCompilers:Display: Using Local Shader Compiler.
[2017.07.19-23.55.18:666][  0]LogTemp:Display: Loaded TP AllDesktopTargetPlatform
[2017.07.19-23.55.18:714][  0]LogTemp:Display: Loaded TP MacClientTargetPlatform
[2017.07.19-23.55.18:763][  0]LogTemp:Display: Loaded TP MacNoEditorTargetPlatform
[2017.07.19-23.55.18:810][  0]LogTemp:Display: Loaded TP MacServerTargetPlatform
[2017.07.19-23.55.18:856][  0]LogTemp:Display: Loaded TP MacTargetPlatform
[2017.07.19-23.55.18:902][  0]LogTemp:Display: Loaded TP WindowsClientTargetPlatform
[2017.07.19-23.55.18:949][  0]LogTemp:Display: Loaded TP WindowsNoEditorTargetPlatform
[2017.07.19-23.55.18:995][  0]LogTemp:Display: Loaded TP WindowsServerTargetPlatform
[2017.07.19-23.55.19:033][  0]LogTemp:Display: Loaded TP WindowsTargetPlatform
[2017.07.19-23.55.19:081][  0]LogTemp:Display: Loaded TP AndroidTargetPlatform
[2017.07.19-23.55.19:129][  0]LogTemp:Display: Loaded TP Android_ASTCTargetPlatform
[2017.07.19-23.55.19:178][  0]LogTemp:Display: Loaded TP Android_ATCTargetPlatform
[2017.07.19-23.55.19:226][  0]LogTemp:Display: Loaded TP Android_DXTTargetPlatform
[2017.07.19-23.55.19:275][  0]LogTemp:Display: Loaded TP Android_ETC1TargetPlatform
[2017.07.19-23.55.19:323][  0]LogTemp:Display: Loaded TP Android_ETC2TargetPlatform
[2017.07.19-23.55.19:420][  0]LogTemp:Display: Loaded TP Android_MultiTargetPlatform
[2017.07.19-23.55.19:420][  0]LogTemp:Display: Loaded TP Android_PVRTCTargetPlatform
[2017.07.19-23.55.19:454][  0]LogTemp:Display: Loaded TP HTML5TargetPlatform
[2017.07.19-23.55.19:539][  0]LogTemp:Display: Loaded TP IOSTargetPlatform
[2017.07.19-23.55.19:569][  0]LogTemp:Display: Loaded TP TVOSTargetPlatform
[2017.07.19-23.55.19:615][  0]LogTemp:Display: Loaded TP LinuxClientTargetPlatform
[2017.07.19-23.55.19:663][  0]LogTemp:Display: Loaded TP LinuxNoEditorTargetPlatform
[2017.07.19-23.55.19:711][  0]LogTemp:Display: Loaded TP LinuxServerTargetPlatform
[2017.07.19-23.55.19:759][  0]LogTemp:Display: Loaded TP LinuxTargetPlatform
[2017.07.19-23.55.19:759][  0]LogTargetPlatformManager:Display: Building Assets For Windows
[2017.07.19-23.55.20:119][  0]LogDerivedDataCache:Display: Max Cache Size: 512 MB
[2017.07.19-23.55.20:160][  0]LogDerivedDataCache: Loaded boot cache 0.04s 50MB C:/Users/s171610/AppData/Local/UnrealEngine/4.15/DerivedDataCache/Boot.ddc.
[2017.07.19-23.55.20:160][  0]LogDerivedDataCache:Display: Loaded Boot cache: C:/Users/s171610/AppData/Local/UnrealEngine/4.15/DerivedDataCache/Boot.ddc
[2017.07.19-23.55.20:160][  0]LogDerivedDataCache: FDerivedDataBackendGraph:  Pak pak cache file ../../../../../../Users/s171610/Desktop/KidSlinger 4.15/DerivedDataCache/DDC.ddp not found, will not use a pak cache.
[2017.07.19-23.55.20:160][  0]LogDerivedDataCache: Unable to find inner node Pak for hierarchical cache Hierarchy.
[2017.07.19-23.55.20:160][  0]LogDerivedDataCache: FDerivedDataBackendGraph:  CompressedPak pak cache file ../../../../../../Users/s171610/Desktop/KidSlinger 4.15/DerivedDataCache/Compressed.ddp not found, will not use a pak cache.
[2017.07.19-23.55.20:160][  0]LogDerivedDataCache: Unable to find inner node CompressedPak for hierarchical cache Hierarchy.
[2017.07.19-23.55.20:177][  0]LogDerivedDataCache:Display: Pak cache opened for reading ../../../Engine/DerivedDataCache/Compressed.ddp.
[2017.07.19-23.55.20:189][  0]LogDerivedDataCache: Using Local data cache path C:/Users/s171610/AppData/Local/UnrealEngine/Common/DerivedDataCache: Writable
[2017.07.19-23.55.20:197][  0]LogSlate: Using Freetype 2.6.0
[2017.07.19-23.55.20:198][  0]LogSlate: SlateFontCache - WITH_FREETYPE: 1, WITH_HARFBUZZ: 1
[2017.07.19-23.55.20:198][  0]LogSlate: SlateFontCache - WITH_FREETYPE: 1, WITH_HARFBUZZ: 1
[2017.07.19-23.55.20:463][  0]LogInit: Selected Device Profile: [Windows]
[2017.07.19-23.55.20:465][  0]LogContentStreaming: Texture pool size is 0.00 MB
[2017.07.19-23.55.20:653][  0]LogMeshUtilities: Using QuadricMeshReduction for automatic static mesh reduction
[2017.07.19-23.55.20:691][  0]LogSimplygon: Simplygon DLL not present - disabling.
[2017.07.19-23.55.20:730][  0]LogMeshUtilities: Using SimplygonSwarm for distributed automatic mesh merging
[2017.07.19-23.55.20:730][  0]LogMeshUtilities: No automatic skeletal mesh reduction module available
[2017.07.19-23.55.20:730][  0]LogMeshUtilities: No automatic mesh merging module available
[2017.07.19-23.55.21:178][  0]LogNetVersion: GetLocalNetworkVersion: CL: 3299760, ProjectName: kidslinger, ProjectVersion: , EngineNetworkVersion: 2, GameNetworkVersion: 0, NetworkChecksum: 2357374274
[2017.07.19-23.55.21:219][  0]LogAssetRegistry: FAssetRegistry took 0.0202 seconds to start up
[2017.07.19-23.55.21:266][  0]LogPackageLocalizationCache: Processed 3 localized package path(s) for 2 prioritized culture(s) in 0.027929 seconds
[2017.07.19-23.55.21:272][  0]LogUObjectArray: 32493 objects as part of root set at end of initial load.
[2017.07.19-23.55.21:272][  0]LogUObjectAllocator: 7077032 out of 0 bytes used by permanent object pool.
[2017.07.19-23.55.21:272][  0]LogUObjectArray: CloseDisregardForGC: 0/0 objects in disregard for GC pool
[2017.07.19-23.55.21:331][  0]LogInit: WinSock: version 1.1 (2.2), MaxSocks=32767, MaxUdp=65467
[2017.07.19-23.55.22:946][  0]LogTcpMessaging: Initializing TcpMessaging bridge
[2017.07.19-23.55.22:996][  0]LogUdpMessaging: Initializing bridge on interface 0.0.0.0:0 to multicast group 230.0.0.1:6666.
[2017.07.19-23.55.23:414][  0]LogMaterial: Uniform references updated for custom material expression Custom.
[2017.07.19-23.55.23:759][  0]SourceControl: Info Source control is disabled
[2017.07.19-23.55.23:760][  0]SourceControl: Info Source control is disabled
[2017.07.19-23.55.23:799][  0]SourceControl: Info Source control is disabled
[2017.07.19-23.55.23:836][  0]SourceControl: Info Source control is disabled
[2017.07.19-23.55.24:865][  0]LogEngine: Initializing Engine...
[2017.07.19-23.55.24:866][  0]LogHMD: Failed to initialize OpenVR with code 110
[2017.07.19-23.55.25:085][  0]LogAIModule: Creating AISystem for world Untitled
[2017.07.19-23.55.25:102][  0]LogInit: XAudio2 using 'DELL U2414H-0 (NVIDIA High Definition Audio)' : 2 channels at 48 kHz using 16 bits per sample (channel mask 0x3)
[2017.07.19-23.55.25:128][  0]LogInit: FAudioDevice initialized.
[2017.07.19-23.55.25:150][  0]LogDerivedDataCache: Saved boot cache 0.02s 50MB C:/Users/s171610/AppData/Local/UnrealEngine/4.15/DerivedDataCache/Boot.ddc.
[2017.07.19-23.55.25:156][  0]LogInit: Texture streaming: Enabled
[2017.07.19-23.55.25:234][  0]LogEngineSessionManager: EngineSessionManager initialized
[2017.07.19-23.55.25:313][  0]LogInit: Transaction tracking system initialized
[2017.07.19-23.55.25:608][  0]BlueprintLog: New page: Editor Load
[2017.07.19-23.55.26:357][  0]LocalizationService: Info Localization service is disabled
[2017.07.19-23.55.26:944][  0]LogConsoleResponse:Display: 
[2017.07.19-23.55.27:055][  0]LogCook:Display: Max memory allowance for cook 16384mb min free memory 0mb
[2017.07.19-23.55.27:055][  0]LogCook:Display: Mobile HDR setting 1
[2017.07.19-23.55.27:866][  0]LogFileCache: Scanning file cache for directory 'C:/Users/s171610/Desktop/KidSlinger 4.15/Content/' took 0.01s
[2017.07.19-23.55.27:904][  0]SourceControl: Info Source control is disabled
[2017.07.19-23.55.27:904][  0]Cmd: MAP LOAD FILE="../../../../../../Users/s171610/Desktop/KidSlinger 4.15/Content/NewMap.umap" TEMPLATE=0 SHOWPROGRESS=1 FEATURELEVEL=3
[2017.07.19-23.55.27:904][  0]LightingResults: New page: Lighting Build
[2017.07.19-23.55.27:940][  0]MapCheck: New page: Map Check
[2017.07.19-23.55.27:940][  0]LightingResults: New page: Lighting Build
[2017.07.19-23.55.28:065][  0]LogMaterial: Missing cached shader map for material M_Pool, compiling. 
[2017.07.19-23.55.28:069][  0]LogTemp:Display: Added material ShaderMap 0x0000000039AB2400 with Material 0x0000000039FDAE00 to ShaderMapsBeingCompiled
[2017.07.19-23.55.28:093][  0]LogTemp:Display: Kicking off shader compilation for M_Pool, GameThreadShaderMap 0x0000000039AB2400
[2017.07.19-23.55.28:094][  0]LogStaticMesh: Building static mesh SM_KiddyPool_01...
[2017.07.19-23.55.28:098][  0]LogStaticMesh: Built static mesh [0.00s] /Game/Art/Meshes/SM_KiddyPool_01.SM_KiddyPool_01
[2017.07.19-23.55.28:104][  0]LogMaterial: Missing cached shader map for material M_Tarp, compiling. 
[2017.07.19-23.55.28:105][  0]LogTemp:Display: Added material ShaderMap 0x0000000024473C80 with Material 0x0000000039A7A680 to ShaderMapsBeingCompiled
[2017.07.19-23.55.28:116][  0]LogTemp:Display: Kicking off shader compilation for M_Tarp, GameThreadShaderMap 0x0000000024473C80
[2017.07.19-23.55.28:118][  0]LogMaterial: Missing cached shader map for material M_Polymer, compiling. 
[2017.07.19-23.55.28:118][  0]LogTemp:Display: Added material ShaderMap 0x000000002517A780 with Material 0x0000000039A8C580 to ShaderMapsBeingCompiled
[2017.07.19-23.55.28:130][  0]LogTemp:Display: Kicking off shader compilation for M_Polymer, GameThreadShaderMap 0x000000002517A780
[2017.07.19-23.55.28:135][  0]LogMaterial: Missing cached shader map for material M_Metal, compiling. 
[2017.07.19-23.55.28:136][  0]LogTemp:Display: Added material ShaderMap 0x0000000025060F00 with Material 0x0000000039A8DA80 to ShaderMapsBeingCompiled
[2017.07.19-23.55.28:147][  0]LogTemp:Display: Kicking off shader compilation for M_Metal, GameThreadShaderMap 0x0000000025060F00
[2017.07.19-23.55.28:148][  0]LogStaticMesh: Building static mesh SM_Trampoline_01...
[2017.07.19-23.55.28:154][  0]LogStaticMesh: Built static mesh [0.01s] /Game/Art/Meshes/SM_Trampoline_01.SM_Trampoline_01
[2017.07.19-23.55.28:159][  0]LogMaterial: Missing cached shader map for material M_Slingshot, compiling. 
[2017.07.19-23.55.28:160][  0]LogTemp:Display: Added material ShaderMap 0x0000000024EF7200 with Material 0x0000000039A9C580 to ShaderMapsBeingCompiled
[2017.07.19-23.55.28:181][  0]LogTemp:Display: Kicking off shader compilation for M_Slingshot, GameThreadShaderMap 0x0000000024EF7200
[2017.07.19-23.55.28:181][  0]LogStaticMesh: Building static mesh SM_Slingshot_01...
[2017.07.19-23.55.28:191][  0]LogStaticMesh: Built static mesh [0.01s] /Game/Art/Meshes/SM_Slingshot_01.SM_Slingshot_01
[2017.07.19-23.55.28:194][  0]LogMaterial: Missing cached shader map for material M_Water, compiling. 
[2017.07.19-23.55.28:195][  0]LogTemp:Display: Added material ShaderMap 0x0000000024C1F900 with Material 0x0000000039A9E680 to ShaderMapsBeingCompiled
[2017.07.19-23.55.28:211][  0]LogTemp:Display: Kicking off shader compilation for M_Water, GameThreadShaderMap 0x0000000024C1F900
[2017.07.19-23.55.28:222][  0]LogTexture:Display: Building textures: Brick-2377 (AutoDXT, 512X512) - 45 MB total VRAM
[2017.07.19-23.55.28:404][  0]LogMaterial: Missing cached shader map for material MM_Trip, compiling. 
[2017.07.19-23.55.28:408][  0]LogTemp:Display: Added material ShaderMap 0x0000000024B31D00 with Material 0x000000003A006C80 to ShaderMapsBeingCompiled
[2017.07.19-23.55.28:438][  0]LogTemp:Display: Kicking off shader compilation for MM_Trip, GameThreadShaderMap 0x0000000024B31D00
[2017.07.19-23.55.28:530][  0]LogAIModule: Creating AISystem for world NewMap
[2017.07.19-23.55.28:566][  0]LogEditorServer: Finished looking for orphan Actors (0.000 secs)
[2017.07.19-23.55.28:566][  0]Cmd: MAP CHECKDEP NOCLEARLOG
[2017.07.19-23.55.28:627][  0]MapCheck: Info Map check complete: 0 Error(s), 0 Warning(s), took 60.532ms to complete.
[2017.07.19-23.55.28:627][  0]LogFileHelpers: Loading map 'NewMap' took 0.723
[2017.07.19-23.55.28:854][  0]LogCollectionManager: Loaded 0 collections in 0.001377 seconds
[2017.07.19-23.55.28:962][  0]LogFileCache: Scanning file cache for directory 'C:/Users/s171610/Desktop/KidSlinger 4.15/Saved/Collections/' took 0.01s
[2017.07.19-23.55.28:962][  0]LogFileCache: Scanning file cache for directory 'C:/Users/s171610/Desktop/KidSlinger 4.15/Content/Developers/s171610/Collections/' took 0.01s
[2017.07.19-23.55.28:962][  0]LogFileCache: Scanning file cache for directory 'C:/Users/s171610/Desktop/KidSlinger 4.15/Content/Collections/' took 0.00s
[2017.07.19-23.55.28:962][  0]LogCollectionManager: Rebuilt the GUID cache for 0 collections in 0.000002 seconds
[2017.07.19-23.55.28:975][  0]LogContentBrowser: Native class hierarchy populated in 0.0127 seconds. Added 2245 classes and 453 folders.
[2017.07.19-23.55.28:979][  0]LogStats: UGameplayTagsManager::ConstructGameplayTagTree: Construct from data asset -  0.000 s
[2017.07.19-23.55.28:980][  0]LogStats: UGameplayTagsManager::ConstructGameplayTagTree: GameplayTagTreeChangedEvent.Broadcast -  0.000 s
[2017.07.19-23.55.29:084][  0]LogContentBrowser: Native class hierarchy updated for 'WidgetCarousel' in 0.0007 seconds. Added 0 classes and 0 folders.
[2017.07.19-23.55.29:188][  0]LogContentBrowser: Native class hierarchy updated for 'AddContentDialog' in 0.0007 seconds. Added 0 classes and 0 folders.
[2017.07.19-23.55.29:261][  0]LogContentBrowser: Native class hierarchy updated for 'SceneOutliner' in 0.0007 seconds. Added 1 classes and 2 folders.
[2017.07.19-23.55.29:333][  0]LogCrashTracker: Crashtracker disabled due to settings.
[2017.07.19-23.55.29:473][  0]LogContentBrowser: Native class hierarchy updated for 'HierarchicalLODOutliner' in 0.0009 seconds. Added 1 classes and 2 folders.
[2017.07.19-23.55.29:473][  0]LogLoad: (Engine Initialization) Total time: 14.57 seconds
[2017.07.19-23.55.29:473][  0]LogLoad: (Engine Initialization) Total Blueprint compile time: 0.07 seconds
[2017.07.19-23.55.29:473][  0]LogExternalProfiler: Found external profiler: VSPerf
[2017.07.19-23.55.29:473][  0]LogExternalProfiler: Using external profiler: VSPerf
[2017.07.19-23.55.29:482][  0]LogOcInput: OculusInput pre-init called
[2017.07.19-23.55.29:504][  0]LogContentStreaming: Texture pool size now 1000 MB
[2017.07.19-23.55.29:506][  0]LogSlate: Took 0.000513 seconds to synchronously load lazily loaded font '../../../Engine/Content/Slate/Fonts/Roboto-Regular.ttf' (155K)
[2017.07.19-23.55.29:510][  0]LogSlate: Took 0.000594 seconds to synchronously load lazily loaded font '../../../Engine/Content/Slate/Fonts/Roboto-Bold.ttf' (160K)
[2017.07.19-23.55.29:521][  0]LogSlate: Took 0.003395 seconds to synchronously load lazily loaded font '../../../Engine/Content/Editor/Slate/Fonts/FontAwesome.ttf' (139K)
[2017.07.19-23.55.29:631][  0]LogSlate: Took 0.000405 seconds to synchronously load lazily loaded font '../../../Engine/Content/Slate/Fonts/Roboto-Light.ttf' (159K)
[2017.07.19-23.55.29:697][  0]LogRenderer: Reallocating scene render targets to support 1208x576 NumSamples 1 (Frame:2).
[2017.07.19-23.55.29:952][  1]LogAssetRegistry: Asset discovery search completed in 8.7538 seconds
[2017.07.19-23.55.29:952][  1]LogCollectionManager: Rebuilt the object cache for 0 collections in 0.000006 seconds (found 0 objects)
[2017.07.19-23.55.29:952][  1]LogCollectionManager: Fixed up redirectors for 0 collections in 0.000026 seconds (updated 0 objects)
[2017.07.19-23.55.30:072][  3]LogTemp:Display: Finished compile of shader map 0x0000000039AB2400
[2017.07.19-23.55.30:072][  3]LogTemp:Display: Shader map M_Pool complete, GameThreadShaderMap 0x0000000039AB2400, marking material M_Pool as finished
[2017.07.19-23.55.30:072][  3]LogTemp:Display: Marking material as finished 0x0000000039FDAE00
[2017.07.19-23.55.30:174][  5]LogTemp:Display: Finished compile of shader map 0x0000000024473C80
[2017.07.19-23.55.30:174][  5]LogTemp:Display: Shader map M_Tarp complete, GameThreadShaderMap 0x0000000024473C80, marking material M_Tarp as finished
[2017.07.19-23.55.30:174][  5]LogTemp:Display: Marking material as finished 0x0000000039A7A680
[2017.07.19-23.55.31:195][ 63]LogTemp:Display: Finished compile of shader map 0x000000002517A780
[2017.07.19-23.55.31:195][ 63]LogTemp:Display: Shader map M_Polymer complete, GameThreadShaderMap 0x000000002517A780, marking material M_Polymer as finished
[2017.07.19-23.55.31:195][ 63]LogTemp:Display: Marking material as finished 0x0000000039A8C580
[2017.07.19-23.55.31:872][106]LogTemp:Display: Finished compile of shader map 0x0000000025060F00
[2017.07.19-23.55.31:872][106]LogTemp:Display: Shader map M_Metal complete, GameThreadShaderMap 0x0000000025060F00, marking material M_Metal as finished
[2017.07.19-23.55.31:872][106]LogTemp:Display: Marking material as finished 0x0000000039A8DA80
[2017.07.19-23.55.33:061][181]LogTemp:Display: Finished compile of shader map 0x0000000024EF7200
[2017.07.19-23.55.33:061][181]LogTemp:Display: Shader map M_Slingshot complete, GameThreadShaderMap 0x0000000024EF7200, marking material M_Slingshot as finished
[2017.07.19-23.55.33:061][181]LogTemp:Display: Marking material as finished 0x0000000039A9C580
[2017.07.19-23.55.33:300][196]LogTemp:Display: Finished compile of shader map 0x0000000024C1F900
[2017.07.19-23.55.33:300][196]LogTemp:Display: Shader map M_Water complete, GameThreadShaderMap 0x0000000024C1F900, marking material M_Water as finished
[2017.07.19-23.55.33:300][196]LogTemp:Display: Marking material as finished 0x0000000039A9E680
[2017.07.19-23.55.34:483][280]LogTemp:Display: Finished compile of shader map 0x0000000024B31D00
[2017.07.19-23.55.34:483][280]LogTemp:Display: Shader map MM_Trip complete, GameThreadShaderMap 0x0000000024B31D00, marking material MM_Trip as finished
[2017.07.19-23.55.34:483][280]LogTemp:Display: Marking material as finished 0x000000003A006C80
[2017.07.19-23.56.47:308][383]Cmd: QUIT_EDITOR
[2017.07.19-23.56.47:364][383]LogExit: Preparing to exit.
[2017.07.19-23.56.48:042][383]LogDirectoryWatcher: A directory notification for 'C:/Users/s171610/Desktop/KidSlinger 4.15/Content/' was aborted.
[2017.07.19-23.56.48:056][383]LogExit: Editor shut down
[2017.07.19-23.56.48:057][383]LogExit: Transaction tracking system shut down
[2017.07.19-23.56.48:101][383]LogObj: Freed 0b from 0 cluster array pools.
[2017.07.19-23.56.48:101][383]LogExit: Object subsystem successfully closed.
[2017.07.19-23.56.48:120][383]LogD3D11RHI: Shutdown
[2017.07.19-23.56.48:120][383]LogD3D11RHI: CleanupD3DDevice
[2017.07.19-23.56.48:148][383]LogD3D11RHI: ~FD3D11DynamicRHI
[2017.07.19-23.56.48:160][383]LogModuleManager: Shutting down and abandoning module HierarchicalLODOutliner (498)
[2017.07.19-23.56.48:160][383]LogModuleManager: Shutting down and abandoning module CrashTracker (496)
[2017.07.19-23.56.48:160][383]LogModuleManager: Shutting down and abandoning module SceneOutliner (494)
[2017.07.19-23.56.48:160][383]LogModuleManager: Shutting down and abandoning module AddContentDialog (492)
[2017.07.19-23.56.48:160][383]LogDirectoryWatcher: A directory notification for 'C:/Program Files/Epic Games/UE_4.15/FeaturePacks/' was aborted.
[2017.07.19-23.56.48:160][383]LogModuleManager: Shutting down and abandoning module WidgetCarousel (491)
[2017.07.19-23.56.48:160][383]LogModuleManager: Shutting down and abandoning module EditorWidgets (488)
[2017.07.19-23.56.48:160][383]LogModuleManager: Shutting down and abandoning module CollectionManager (486)
[2017.07.19-23.56.48:160][383]LogDirectoryWatcher: A directory notification for 'C:/Users/s171610/Desktop/KidSlinger 4.15/Content/Collections/' was aborted.
[2017.07.19-23.56.48:160][383]LogDirectoryWatcher: A directory notification for 'C:/Users/s171610/Desktop/KidSlinger 4.15/Content/Developers/s171610/Collections/' was aborted.
[2017.07.19-23.56.48:160][383]LogDirectoryWatcher: A directory notification for 'C:/Users/s171610/Desktop/KidSlinger 4.15/Saved/Collections/' was aborted.
[2017.07.19-23.56.48:161][383]LogModuleManager: Shutting down and abandoning module StatsViewer (484)
[2017.07.19-23.56.48:161][383]LogModuleManager: Shutting down and abandoning module FoliageEdit (482)
[2017.07.19-23.56.48:161][383]LogModuleManager: Shutting down and abandoning module LandscapeEditor (480)
[2017.07.19-23.56.48:161][383]LogModuleManager: Shutting down and abandoning module SceneDepthPickerMode (478)
[2017.07.19-23.56.48:161][383]LogModuleManager: Shutting down and abandoning module ActorPickerMode (476)
[2017.07.19-23.56.48:161][383]LogModuleManager: Shutting down and abandoning module GeometryMode (474)
[2017.07.19-23.56.48:161][383]LogModuleManager: Shutting down and abandoning module TextureAlignMode (472)
[2017.07.19-23.56.48:161][383]LogModuleManager: Shutting down and abandoning module BspMode (470)
[2017.07.19-23.56.48:161][383]LogModuleManager: Shutting down and abandoning module HardwareSurvey (468)
[2017.07.19-23.56.48:161][383]LogModuleManager: Shutting down and abandoning module SequenceRecorderSections (466)
[2017.07.19-23.56.48:161][383]LogModuleManager: Shutting down and abandoning module AutomationWorker (464)
[2017.07.19-23.56.48:161][383]LogModuleManager: Shutting down and abandoning module MatineeToLevelSequence (462)
[2017.07.19-23.56.48:161][383]LogModuleManager: Shutting down and abandoning module LevelSequenceEditor (460)
[2017.07.19-23.56.48:161][383]LogModuleManager: Shutting down and abandoning module PlacementMode (459)
[2017.07.19-23.56.48:161][383]LogModuleManager: Shutting down and abandoning module WmfMediaFactory (456)
[2017.07.19-23.56.48:161][383]LogModuleManager: Shutting down and abandoning module WmfMediaEditor (454)
[2017.07.19-23.56.48:161][383]LogModuleManager: Shutting down and abandoning module MfMediaFactory (452)
[2017.07.19-23.56.48:161][383]LogModuleManager: Shutting down and abandoning module MfMediaEditor (450)
[2017.07.19-23.56.48:161][383]LogModuleManager: Shutting down and abandoning module AvfMediaFactory (448)
[2017.07.19-23.56.48:161][383]LogModuleManager: Shutting down and abandoning module AvfMediaEditor (446)
[2017.07.19-23.56.48:161][383]LogModuleManager: Shutting down and abandoning module AndroidMediaFactory (444)
[2017.07.19-23.56.48:161][383]LogModuleManager: Shutting down and abandoning module Media (443)
[2017.07.19-23.56.48:161][383]LogModuleManager: Shutting down and abandoning module AndroidMediaEditor (440)
[2017.07.19-23.56.48:161][383]LogModuleManager: Shutting down and abandoning module CharacterAI (438)
[2017.07.19-23.56.48:161][383]LogModuleManager: Shutting down and abandoning module AudioCapture (436)
[2017.07.19-23.56.48:161][383]LogModuleManager: Shutting down and abandoning module SequenceRecorder (435)
[2017.07.19-23.56.48:161][383]LogModuleManager: Shutting down and abandoning module SmartSnapping (432)
[2017.07.19-23.56.48:161][383]LogModuleManager: Shutting down and abandoning module SessionServices (430)
[2017.07.19-23.56.48:161][383]LogModuleManager: Shutting down and abandoning module ViewportSnapping (428)
[2017.07.19-23.56.48:161][383]LogModuleManager: Shutting down and abandoning module ViewportInteraction (426)
[2017.07.19-23.56.48:161][383]LogModuleManager: Shutting down and abandoning module LogVisualizer (424)
[2017.07.19-23.56.48:161][383]LogModuleManager: Shutting down and abandoning module IntroTutorials (422)
[2017.07.19-23.56.48:161][383]LogModuleManager: Shutting down and abandoning module GameProjectGeneration (421)
[2017.07.19-23.56.48:161][383]LogModuleManager: Shutting down and abandoning module EditorLiveStreaming (418)
[2017.07.19-23.56.48:161][383]LogModuleManager: Shutting down and abandoning module IOSPlatformEditor (416)
[2017.07.19-23.56.48:161][383]LogModuleManager: Shutting down and abandoning module HTML5PlatformEditor (414)
[2017.07.19-23.56.48:161][383]LogModuleManager: Shutting down and abandoning module AndroidPlatformEditor (412)
[2017.07.19-23.56.48:161][383]LogModuleManager: Shutting down and abandoning module AndroidDeviceDetection (411)
[2017.07.19-23.56.48:658][383]LogModuleManager: Shutting down and abandoning module IOSRuntimeSettings (408)
[2017.07.19-23.56.48:658][383]LogModuleManager: Shutting down and abandoning module AndroidRuntimeSettings (406)
[2017.07.19-23.56.48:658][383]LogModuleManager: Shutting down and abandoning module InputBindingEditor (404)
[2017.07.19-23.56.48:658][383]LogModuleManager: Shutting down and abandoning module NiagaraEditor (402)
[2017.07.19-23.56.48:658][383]LogModuleManager: Shutting down and abandoning module MergeActors (400)
[2017.07.19-23.56.48:658][383]LogModuleManager: Shutting down and abandoning module SizeMap (398)
[2017.07.19-23.56.48:658][383]LogModuleManager: Shutting down and abandoning module TreeMap (396)
[2017.07.19-23.56.48:658][383]LogModuleManager: Shutting down and abandoning module ReferenceViewer (394)
[2017.07.19-23.56.48:658][383]LogModuleManager: Shutting down and abandoning module LocalizationDashboard (392)
[2017.07.19-23.56.48:658][383]LogModuleManager: Shutting down and abandoning module LocalizationService (391)
[2017.07.19-23.56.48:658][383]LogModuleManager: Shutting down and abandoning module HardwareTargeting (388)
[2017.07.19-23.56.48:658][383]LogModuleManager: Shutting down and abandoning module DeviceProfileEditor (386)
[2017.07.19-23.56.48:658][383]LogModuleManager: Shutting down and abandoning module UndoHistory (384)
[2017.07.19-23.56.48:658][383]LogModuleManager: Shutting down and abandoning module UserFeedback (382)
[2017.07.19-23.56.48:658][383]LogModuleManager: Shutting down and abandoning module XmlParser (380)
[2017.07.19-23.56.48:658][383]LogModuleManager: Shutting down and abandoning module Blutility (378)
[2017.07.19-23.56.48:658][383]LogModuleManager: Shutting down and abandoning module ProjectSettingsViewer (376)
[2017.07.19-23.56.48:658][383]LogModuleManager: Shutting down and abandoning module ProjectTargetPlatformEditor (375)
[2017.07.19-23.56.48:658][383]LogModuleManager: Shutting down and abandoning module EditorSettingsViewer (372)
[2017.07.19-23.56.48:658][383]LogModuleManager: Shutting down and abandoning module SettingsEditor (370)
[2017.07.19-23.56.48:658][383]LogModuleManager: Shutting down and abandoning module ProjectLauncher (368)
[2017.07.19-23.56.48:658][383]LogModuleManager: Shutting down and abandoning module SessionFrontend (366)
[2017.07.19-23.56.48:658][383]LogModuleManager: Shutting down and abandoning module ProfilerClient (364)
[2017.07.19-23.56.48:658][383]LogModuleManager: Shutting down and abandoning module DeviceManager (362)
[2017.07.19-23.56.48:658][383]LogModuleManager: Shutting down and abandoning module TargetDeviceServices (361)
[2017.07.19-23.56.48:708][383]LogModuleManager: Shutting down and abandoning module AutomationController (358)
[2017.07.19-23.56.48:708][383]LogModuleManager: Shutting down and abandoning module AutomationWindow (356)
[2017.07.19-23.56.48:708][383]LogModuleManager: Shutting down and abandoning module Layers (354)
[2017.07.19-23.56.48:708][383]LogModuleManager: Shutting down and abandoning module ComponentVisualizers (352)
[2017.07.19-23.56.48:708][383]LogModuleManager: Shutting down and abandoning module DetailCustomizations (350)
[2017.07.19-23.56.48:708][383]LogModuleManager: Shutting down and abandoning module PackagesDialog (348)
[2017.07.19-23.56.48:708][383]LogModuleManager: Shutting down and abandoning module Persona (346)
[2017.07.19-23.56.48:708][383]LogModuleManager: Shutting down and abandoning module AnimGraph (345)
[2017.07.19-23.56.48:708][383]LogModuleManager: Shutting down and abandoning module Kismet (342)
[2017.07.19-23.56.48:708][383]LogModuleManager: Shutting down and abandoning module GraphEditor (340)
[2017.07.19-23.56.48:708][383]LogModuleManager: Shutting down and abandoning module ClassViewer (338)
[2017.07.19-23.56.48:708][383]LogModuleManager: Shutting down and abandoning module Toolbox (336)
[2017.07.19-23.56.48:708][383]LogModuleManager: Shutting down and abandoning module ModuleUI (334)
[2017.07.19-23.56.48:708][383]LogModuleManager: Shutting down and abandoning module MovieSceneTools (332)
[2017.07.19-23.56.48:708][383]LogModuleManager: Shutting down and abandoning module OutputLog (330)
[2017.07.19-23.56.48:708][383]LogModuleManager: Shutting down and abandoning module GammaUI (328)
[2017.07.19-23.56.48:708][383]LogModuleManager: Shutting down and abandoning module Documentation (326)
[2017.07.19-23.56.48:708][383]LogModuleManager: Shutting down and abandoning module Niagara (324)
[2017.07.19-23.56.48:708][383]LogModuleManager: Shutting down and abandoning module StreamingPauseRendering (322)
[2017.07.19-23.56.48:708][383]LogModuleManager: Shutting down and abandoning module AnalyticsET (320)
[2017.07.19-23.56.48:708][383]LogModuleManager: Shutting down and abandoning module PortalServices (318)
[2017.07.19-23.56.48:708][383]LogModuleManager: Shutting down and abandoning module PortalRpc (316)
[2017.07.19-23.56.48:708][383]LogModuleManager: Shutting down and abandoning module MessagingRpc (314)
[2017.07.19-23.56.48:708][383]LogModuleManager: Shutting down and abandoning module AIModule (312)
[2017.07.19-23.56.48:708][383]LogModuleManager: Shutting down and abandoning module GameplayDebugger (311)
[2017.07.19-23.56.48:708][383]LogModuleManager: Shutting down and abandoning module AITestSuite (309)
[2017.07.19-23.56.48:708][383]LogModuleManager: Shutting down and abandoning module ProfilerService (306)
[2017.07.19-23.56.48:825][383]LogModuleManager: Shutting down and abandoning module TaskGraph (304)
[2017.07.19-23.56.48:825][383]LogModuleManager: Shutting down and abandoning module SteamVRController (302)
[2017.07.19-23.56.48:825][383]LogModuleManager: Shutting down and abandoning module SteamVR (300)
[2017.07.19-23.56.48:825][383]LogModuleManager: Shutting down and abandoning module ProceduralMeshComponentEditor (298)
[2017.07.19-23.56.48:825][383]LogModuleManager: Shutting down and abandoning module ProceduralMeshComponent (296)
[2017.07.19-23.56.48:825][383]LogModuleManager: Shutting down and abandoning module OculusLibrary (294)
[2017.07.19-23.56.48:825][383]LogModuleManager: Shutting down and abandoning module OculusInput (292)
[2017.07.19-23.56.48:825][383]LogModuleManager: Shutting down and abandoning module MobilePatchingUtils (290)
[2017.07.19-23.56.48:825][383]LogModuleManager: Shutting down and abandoning module CustomMeshComponent (288)
[2017.07.19-23.56.48:825][383]LogModuleManager: Shutting down and abandoning module CableComponent (286)
[2017.07.19-23.56.48:825][383]LogModuleManager: Shutting down and abandoning module ArchVisCharacter (284)
[2017.07.19-23.56.48:825][383]LogModuleManager: Shutting down and abandoning module MediaPlayerEditor (280)
[2017.07.19-23.56.48:825][383]LogModuleManager: Shutting down and abandoning module HTML5Networking (278)
[2017.07.19-23.56.48:825][383]LogModuleManager: Shutting down and abandoning module AlembicImporter (276)
[2017.07.19-23.56.48:825][383]LogModuleManager: Shutting down and abandoning module AlembicLibrary (275)
[2017.07.19-23.56.48:825][383]LogModuleManager: Shutting down and abandoning module GeometryCache (274)
[2017.07.19-23.56.48:825][383]LogModuleManager: Shutting down and abandoning module GeometryCacheEd (273)
[2017.07.19-23.56.48:825][383]LogModuleManager: Shutting down and abandoning module SuperSearchEditor (268)
[2017.07.19-23.56.48:825][383]LogModuleManager: Shutting down and abandoning module SuperSearch (267)
[2017.07.19-23.56.48:825][383]LogModuleManager: Shutting down and abandoning module SpeedTreeImporter (264)
[2017.07.19-23.56.48:825][383]LogModuleManager: Shutting down and abandoning module PluginBrowser (262)
[2017.07.19-23.56.48:825][383]LogModuleManager: Shutting down and abandoning module MobileLauncherProfileWizard (260)
[2017.07.19-23.56.48:825][383]LogModuleManager: Shutting down and abandoning module EpicSurvey (258)
[2017.07.19-23.56.48:825][383]LogModuleManager: Shutting down and abandoning module VisualStudioSourceCodeAccess (256)
[2017.07.19-23.56.48:825][383]LogModuleManager: Shutting down and abandoning module DesktopPlatform (255)
[2017.07.19-23.56.48:825][383]LogModuleManager: Shutting down and abandoning module UObjectPlugin (252)
[2017.07.19-23.56.48:825][383]LogModuleManager: Shutting down and abandoning module SubversionSourceControl (250)
[2017.07.19-23.56.48:825][383]LogModuleManager: Shutting down and abandoning module PerforceSourceControl (248)
[2017.07.19-23.56.48:825][383]LogModuleManager: Shutting down and abandoning module GitSourceControl (246)
[2017.07.19-23.56.48:825][383]LogModuleManager: Shutting down and abandoning module SourceControl (245)
[2017.07.19-23.56.48:825][383]LogModuleManager: Shutting down and abandoning module LightPropagationVolumeEditor (242)
[2017.07.19-23.56.48:825][383]LogModuleManager: Shutting down and abandoning module PaperTiledImporter (240)
[2017.07.19-23.56.48:825][383]LogModuleManager: Shutting down and abandoning module PaperSpriteSheetImporter (238)
[2017.07.19-23.56.48:825][383]LogModuleManager: Shutting down and abandoning module Paper2DEditor (236)
[2017.07.19-23.56.48:825][383]LogModuleManager: Shutting down and abandoning module MeshPaint (235)
[2017.07.19-23.56.48:825][383]LogModuleManager: Shutting down and abandoning module LevelEditor (233)
[2017.07.19-23.56.48:826][383]LogModuleManager: Shutting down and abandoning module PixelInspectorModule (232)
[2017.07.19-23.56.48:826][383]LogModuleManager: Shutting down and abandoning module MainFrame (230)
[2017.07.19-23.56.48:826][383]LogModuleManager: Shutting down and abandoning module HotReload (229)
[2017.07.19-23.56.48:826][383]LogModuleManager: Shutting down and abandoning module ContentBrowser (225)
[2017.07.19-23.56.48:827][383]LogModuleManager: Shutting down and abandoning module PhysXVehiclesEditor (222)
[2017.07.19-23.56.48:827][383]LogModuleManager: Shutting down and abandoning module PhysXVehicles (220)
[2017.07.19-23.56.48:827][383]LogModuleManager: Shutting down and abandoning module LocationServicesBPLibrary (218)
[2017.07.19-23.56.48:827][383]LogModuleManager: Shutting down and abandoning module UdpMessaging (216)
[2017.07.19-23.56.48:927][383]LogModuleManager: Shutting down and abandoning module TcpMessaging (214)
[2017.07.19-23.56.49:027][383]LogModuleManager: Shutting down and abandoning module GameplayTagsEditor (212)
[2017.07.19-23.56.49:027][383]LogModuleManager: Shutting down and abandoning module FacialAnimationEditor (210)
[2017.07.19-23.56.49:027][383]LogModuleManager: Shutting down and abandoning module FacialAnimation (208)
[2017.07.19-23.56.49:027][383]LogModuleManager: Shutting down and abandoning module LightPropagationVolumeRuntime (206)
[2017.07.19-23.56.49:027][383]LogModuleManager: Shutting down and abandoning module Paper2D (204)
[2017.07.19-23.56.49:027][383]LogModuleManager: Shutting down and abandoning module WindowsMoviePlayer (202)
[2017.07.19-23.56.49:027][383]LogModuleManager: Shutting down and abandoning module WmfMedia (200)
[2017.07.19-23.56.49:027][383]LogModuleManager: Shutting down and abandoning module MfMedia (198)
[2017.07.19-23.56.49:027][383]LogModuleManager: Shutting down and abandoning module MediaAssets (196)
[2017.07.19-23.56.49:027][383]LogModuleManager: Shutting down and abandoning module GameLiveStreaming (194)
[2017.07.19-23.56.49:027][383]LogModuleManager: Shutting down and abandoning module VREditor (192)
[2017.07.19-23.56.49:027][383]LogModuleManager: Shutting down and abandoning module GameplayTasksEditor (190)
[2017.07.19-23.56.49:027][383]LogModuleManager: Shutting down and abandoning module BehaviorTreeEditor (188)
[2017.07.19-23.56.49:027][383]LogModuleManager: Shutting down and abandoning module FunctionalTesting (186)
[2017.07.19-23.56.49:027][383]LogModuleManager: Shutting down and abandoning module CollisionAnalyzer (184)
[2017.07.19-23.56.49:027][383]LogModuleManager: Shutting down and abandoning module UMG (182)
[2017.07.19-23.56.49:027][383]LogModuleManager: Shutting down and abandoning module UMGEditor (181)
[2017.07.19-23.56.49:027][383]LogModuleManager: Shutting down and abandoning module Sequencer (180)
[2017.07.19-23.56.49:027][383]LogModuleManager: Shutting down and abandoning module AssetTools (178)
[2017.07.19-23.56.49:027][383]LogModuleManager: Shutting down and abandoning module MessageLog (177)
[2017.07.19-23.56.49:027][383]LogModuleManager: Shutting down and abandoning module WorkspaceMenuStructure (176)
[2017.07.19-23.56.49:028][383]LogModuleManager: Shutting down and abandoning module SlateReflector (170)
[2017.07.19-23.56.49:028][383]LogModuleManager: Shutting down and abandoning module Slate (168)
[2017.07.19-23.56.49:028][383]LogModuleManager: Shutting down and abandoning module EditorStyle (166)
[2017.07.19-23.56.49:029][383]LogModuleManager: Shutting down and abandoning module SourceCodeAccess (164)
[2017.07.19-23.56.49:029][383]LogModuleManager: Shutting down and abandoning module HeadMountedDisplay (162)
[2017.07.19-23.56.49:029][383]LogModuleManager: Shutting down and abandoning module XAudio2 (160)
[2017.07.19-23.56.49:029][383]LogModuleManager: Shutting down and abandoning module Networking (158)
[2017.07.19-23.56.49:029][383]LogModuleManager: Shutting down and abandoning module Core (154)
[2017.07.19-23.56.49:029][383]LogModuleManager: Shutting down and abandoning module AssetRegistry (152)
[2017.07.19-23.56.49:113][383]LogDirectoryWatcher: A directory notification for '../../../Engine/Content/' was aborted.
[2017.07.19-23.56.49:113][383]LogDirectoryWatcher: A directory notification for '../../../../../../Users/s171610/Desktop/KidSlinger 4.15/Content/' was aborted.
[2017.07.19-23.56.49:113][383]LogDirectoryWatcher: A directory notification for '../../../Engine/Plugins/2D/Paper2D/Content/' was aborted.
[2017.07.19-23.56.49:113][383]LogModuleManager: Shutting down and abandoning module DirectoryWatcher (151)
[2017.07.19-23.56.49:114][383]LogModuleManager: Shutting down and abandoning module KismetCompiler (148)
[2017.07.19-23.56.49:114][383]LogModuleManager: Shutting down and abandoning module PhysXFormats (146)
[2017.07.19-23.56.49:114][383]LogModuleManager: Shutting down and abandoning module MeshUtilities (144)
[2017.07.19-23.56.49:114][383]LogModuleManager: Shutting down and abandoning module SimplygonSwarm (143)
[2017.07.19-23.56.49:114][383]LogModuleManager: Shutting down and abandoning module SimplygonMeshReduction (141)
[2017.07.19-23.56.49:114][383]LogModuleManager: Shutting down and abandoning module QuadricMeshReduction (139)
[2017.07.19-23.56.49:114][383]LogModuleManager: Shutting down and abandoning module PropertyEditor (137)
[2017.07.19-23.56.49:114][383]LogModuleManager: Shutting down and abandoning module DerivedDataCache (134)
[2017.07.19-23.56.49:179][383]LogDerivedDataCache: Shutdown
[2017.07.19-23.56.49:179][383]LogModuleManager: Shutting down and abandoning module TargetPlatform (132)
[2017.07.19-23.56.49:179][383]LogModuleManager: Shutting down and abandoning module VulkanShaderFormat (131)
[2017.07.19-23.56.49:179][383]LogModuleManager: Shutting down and abandoning module ShaderFormatOpenGL (129)
[2017.07.19-23.56.49:179][383]LogModuleManager: Shutting down and abandoning module ShaderFormatD3D (127)
[2017.07.19-23.56.49:179][383]LogModuleManager: Shutting down and abandoning module MetalShaderFormat (125)
[2017.07.19-23.56.49:179][383]LogModuleManager: Shutting down and abandoning module TextureFormatUncompressed (123)
[2017.07.19-23.56.49:179][383]LogModuleManager: Shutting down and abandoning module TextureFormatPVR (121)
[2017.07.19-23.56.49:179][383]LogModuleManager: Shutting down and abandoning module TextureFormatDXT (119)
[2017.07.19-23.56.49:179][383]LogModuleManager: Shutting down and abandoning module TextureFormatIntelISPCTexComp (117)
[2017.07.19-23.56.49:179][383]LogModuleManager: Shutting down and abandoning module TextureFormatASTC (115)
[2017.07.19-23.56.49:179][383]LogModuleManager: Shutting down and abandoning module ImageWrapper (114)
[2017.07.19-23.56.49:179][383]LogModuleManager: Shutting down and abandoning module TextureFormatAndroid (111)
[2017.07.19-23.56.49:179][383]LogModuleManager: Shutting down and abandoning module AudioFormatOpus (109)
[2017.07.19-23.56.49:179][383]LogModuleManager: Shutting down and abandoning module AudioFormatOgg (107)
[2017.07.19-23.56.49:179][383]LogModuleManager: Shutting down and abandoning module AudioFormatADPCM (105)
[2017.07.19-23.56.49:179][383]LogModuleManager: Shutting down and abandoning module LinuxTargetPlatform (103)
[2017.07.19-23.56.49:179][383]LogModuleManager: Shutting down and abandoning module LinuxServerTargetPlatform (101)
[2017.07.19-23.56.49:179][383]LogModuleManager: Shutting down and abandoning module LinuxNoEditorTargetPlatform (99)
[2017.07.19-23.56.49:179][383]LogModuleManager: Shutting down and abandoning module LinuxClientTargetPlatform (97)
[2017.07.19-23.56.49:179][383]LogModuleManager: Shutting down and abandoning module TVOSTargetPlatform (95)
[2017.07.19-23.56.49:179][383]LogModuleManager: Shutting down and abandoning module Messaging (93)
[2017.07.19-23.56.49:179][383]LogModuleManager: Shutting down and abandoning module IOSTargetPlatform (91)
[2017.07.19-23.56.49:179][383]LogModuleManager: Shutting down and abandoning module HTML5TargetPlatform (89)
[2017.07.19-23.56.49:179][383]LogModuleManager: Shutting down and abandoning module Android_PVRTCTargetPlatform (87)
[2017.07.19-23.56.49:179][383]LogModuleManager: Shutting down and abandoning module Android_MultiTargetPlatform (85)
[2017.07.19-23.56.49:179][383]LogModuleManager: Shutting down and abandoning module Android_ETC2TargetPlatform (83)
[2017.07.19-23.56.49:179][383]LogModuleManager: Shutting down and abandoning module Android_ETC1TargetPlatform (81)
[2017.07.19-23.56.49:179][383]LogModuleManager: Shutting down and abandoning module Android_DXTTargetPlatform (79)
[2017.07.19-23.56.49:179][383]LogModuleManager: Shutting down and abandoning module Android_ATCTargetPlatform (77)
[2017.07.19-23.56.49:179][383]LogModuleManager: Shutting down and abandoning module Android_ASTCTargetPlatform (75)
[2017.07.19-23.56.49:179][383]LogModuleManager: Shutting down and abandoning module AndroidTargetPlatform (73)
[2017.07.19-23.56.49:179][383]LogModuleManager: Shutting down and abandoning module WindowsTargetPlatform (71)
[2017.07.19-23.56.49:179][383]LogModuleManager: Shutting down and abandoning module WindowsServerTargetPlatform (69)
[2017.07.19-23.56.49:179][383]LogModuleManager: Shutting down and abandoning module WindowsNoEditorTargetPlatform (67)
[2017.07.19-23.56.49:179][383]LogModuleManager: Shutting down and abandoning module WindowsClientTargetPlatform (65)
[2017.07.19-23.56.49:179][383]LogModuleManager: Shutting down and abandoning module MacTargetPlatform (63)
[2017.07.19-23.56.49:179][383]LogModuleManager: Shutting down and abandoning module MacServerTargetPlatform (61)
[2017.07.19-23.56.49:179][383]LogModuleManager: Shutting down and abandoning module MacNoEditorTargetPlatform (59)
[2017.07.19-23.56.49:179][383]LogModuleManager: Shutting down and abandoning module MacClientTargetPlatform (57)
[2017.07.19-23.56.49:180][383]LogModuleManager: Shutting down and abandoning module AllDesktopTargetPlatform (55)
[2017.07.19-23.56.49:180][383]LogModuleManager: Shutting down and abandoning module InputCore (52)
[2017.07.19-23.56.49:180][383]LogModuleManager: Shutting down and abandoning module Settings (50)
[2017.07.19-23.56.49:180][383]LogModuleManager: Shutting down and abandoning module OculusRift (48)
[2017.07.19-23.56.49:180][383]LogModuleManager: Shutting down and abandoning module GearVR (46)
[2017.07.19-23.56.49:180][383]LogModuleManager: Shutting down and abandoning module ExampleDeviceProfileSelector (44)
[2017.07.19-23.56.49:180][383]LogModuleManager: Shutting down and abandoning module OnlineBlueprintSupport (42)
[2017.07.19-23.56.49:180][383]LogModuleManager: Shutting down and abandoning module OnlineSubsystem (38)
[2017.07.19-23.56.49:180][383]LogOnline:Display: Unloading online subsystem: NULL
[2017.07.19-23.56.49:180][383]LogModuleManager: Shutting down and abandoning module XMPP (37)
[2017.07.19-23.56.49:180][383]LogModuleManager: Shutting down and abandoning module HTTP (35)
[2017.07.19-23.56.49:180][383]LogHttp:Display: Http module shutting down, but needs to wait on 1 outstanding Http requests:
[2017.07.19-23.56.49:180][383]LogHttp:Display: 	verb=[POST] url=[https://datarouter.ol.epicgames.com/datarouter/api/v1/public/data?SessionID=%7B47E0D85F-4EA9-39DE-C85B-0DB53A07AF39%7D&AppID=UEEditor.Rocket.Release&AppVersion=4.15.1-3348071%2B%2B%2BUE4%2BRelease-4.15&UserID=5c72cd6c43348b00f351c6a537e6cae3%7C%7C2d00d83e-a0ce-4a46-a216-5fcb21b2fa69&AppEnvironment=datacollector-binary&UploadType=eteventstream] status=Processing
[2017.07.19-23.56.49:211][383]LogModuleManager: Shutting down and abandoning module SSL (34)
[2017.07.19-23.56.49:212][383]LogModuleManager: Shutting down and abandoning module AudioEditor (30)
[2017.07.19-23.56.49:212][383]LogModuleManager: Shutting down and abandoning module TextureCompressor (28)
[2017.07.19-23.56.49:212][383]LogModuleManager: Shutting down and abandoning module ShaderCore (26)
[2017.07.19-23.56.49:212][383]LogModuleManager: Shutting down and abandoning module Landscape (24)
[2017.07.19-23.56.49:212][383]LogModuleManager: Shutting down and abandoning module SlateRHIRenderer (22)
[2017.07.19-23.56.49:213][383]LogModuleManager: Shutting down and abandoning module OpenGLDrv (20)
[2017.07.19-23.56.49:213][383]LogModuleManager: Shutting down and abandoning module D3D11RHI (18)
[2017.07.19-23.56.49:213][383]LogModuleManager: Shutting down and abandoning module AnimGraphRuntime (16)
[2017.07.19-23.56.49:213][383]LogModuleManager: Shutting down and abandoning module Renderer (14)
[2017.07.19-23.56.49:213][383]LogModuleManager: Shutting down and abandoning module Engine (12)
[2017.07.19-23.56.49:213][383]LogModuleManager: Shutting down and abandoning module CoreUObject (10)
[2017.07.19-23.56.49:213][383]LogModuleManager: Shutting down and abandoning module NetworkFile (8)
[2017.07.19-23.56.49:213][383]LogModuleManager: Shutting down and abandoning module StreamingFile (6)
[2017.07.19-23.56.49:213][383]LogModuleManager: Shutting down and abandoning module SandboxFile (4)
[2017.07.19-23.56.49:213][383]LogModuleManager: Shutting down and abandoning module PakFile (2)
[2017.07.19-23.56.49:214][383]LogExit: Exiting.
[2017.07.19-23.56.49:222][383]Log file closed, 07/20/17 09:56:49
